grid:[8,8]
time: 
accumulated: 35288
{L[4@4][NORTH,EAST,WEST]}
{L[8@8][NORTH,EAST,SOUTH]}
{B[4@5][WEST]}
{L[4@6][EAST,SOUTH,WEST]}
{L[4@7][NORTH,EAST,WEST]}
{L[4@8][EAST,SOUTH,WEST]}
{L[5@1][EAST,SOUTH,WEST]}
{L[5@2][NORTH,EAST,WEST]}
{L[5@3][EAST,SOUTH,WEST]}
{L[5@4][NORTH,EAST]}
{P[1@1][EAST]}
{L[5@5][NORTH,SOUTH,WEST]}
{L[1@2][EAST,WEST]}
{B[5@6][SOUTH]}
{L[1@3][SOUTH,WEST]}
{L[5@7][NORTH,SOUTH,WEST]}
{L[1@4][NORTH,EAST,WEST]}
{L[5@8][NORTH,EAST,SOUTH]}
{L[1@5][NORTH,SOUTH,WEST]}
{L[1@6][NORTH,EAST,SOUTH]}
{L[1@7][NORTH,SOUTH,WEST]}
{L[1@8][EAST,SOUTH,WEST]}
{L[6@1][NORTH,EAST,WEST]}
{L[6@2][EAST,SOUTH,WEST]}
{L[6@3][NORTH,EAST,SOUTH]}
{L[6@4][NORTH,SOUTH,WEST]}
{L[2@1][NORTH,WEST]}
{L[6@5][SOUTH,WEST]}
{B[2@2][EAST]}
{L[6@6][NORTH,SOUTH,WEST]}
{L[2@3][NORTH,EAST,SOUTH]}
{B[6@7][NORTH]}
{L[2@4][NORTH,EAST,WEST]}
{L[6@8][NORTH,EAST,WEST]}
{L[2@5][EAST,WEST]}
{L[2@6][NORTH,SOUTH,WEST]}
{L[2@7][NORTH,EAST,SOUTH]}
{L[2@8][NORTH,SOUTH,WEST]}
{L[7@1][EAST,SOUTH,WEST]}
{L[7@2][EAST,SOUTH,WEST]}
{L[7@3][NORTH,SOUTH,WEST]}
{L[7@4][NORTH,EAST,WEST]}
{L[3@1][EAST,SOUTH,WEST]}
{L[7@5][EAST,SOUTH,WEST]}
{L[3@2][NORTH,EAST,WEST]}
{L[7@6][SOUTH,WEST]}
{L[3@3][SOUTH,WEST]}
{L[7@7][NORTH,SOUTH]}
{L[3@4][EAST,SOUTH,WEST]}
{B[7@8][EAST]}
{B[3@5][NORTH]}
{L[3@6][NORTH,EAST,WEST]}
{L[3@7][EAST,SOUTH,WEST]}
{L[3@8][NORTH,EAST,WEST]}
{L[8@1][NORTH,EAST,SOUTH]}
{L[8@2][NORTH,EAST,WEST]}
{L[8@3][EAST,SOUTH,WEST]}
{L[8@4][NORTH,EAST,SOUTH]}
{L[4@1][EAST,SOUTH,WEST]}
{L[8@5][NORTH,EAST,SOUTH]}
{L[4@2][NORTH,SOUTH,WEST]}
{L[8@6][EAST,SOUTH,WEST]}
{L[4@3][NORTH,EAST,WEST]}
{L[8@7][NORTH,EAST,SOUTH]}
