grid:[6,6]
time: 
accumulated: 4604
{E[2@2][]}
{E[4@4][]}
{L[6@6][EAST,SOUTH,WEST]}
{L[2@3][NORTH,SOUTH,WEST]}
{L[4@5][NORTH,EAST,SOUTH]}
{L[2@4][NORTH,EAST,SOUTH]}
{E[4@6][]}
{E[2@5][]}
{E[2@6][]}
{E[5@1][]}
{E[5@2][]}
{E[3@1][]}
{E[5@3][]}
{E[3@2][]}
{E[5@4][]}
{L[1@1][NORTH,EAST,WEST]}
{P[3@3][SOUTH]}
{L[5@5][EAST,SOUTH,WEST]}
{E[1@2][]}
{L[3@4][NORTH,SOUTH,WEST]}
{E[5@6][]}
{B[1@3][SOUTH]}
{B[3@5][NORTH]}
{E[1@4][]}
{E[3@6][]}
{E[1@5][]}
{E[1@6][]}
{E[6@1][]}
{E[6@2][]}
{L[4@1][EAST,SOUTH,WEST]}
{E[6@3][]}
{E[4@2][]}
{E[6@4][]}
{E[2@1][]}
{E[4@3][]}
{E[6@5][]}
